# JRE version: OpenJDK Runtime Environment (8.0_212-b04) (build 1.8.0_212-release-1586-b04)
# Java VM: OpenJDK 64-Bit Server VM (25.212-b04 mixed mode windows-amd64 compressed oops)
Heap:
 PSYoungGen      total 278528K, used 114294K [0x00000000e0000000, 0x00000000f3600000, 0x0000000100000000)
  eden space 240640K, 40% used [0x00000000e0000000,0x00000000e5fe4a60,0x00000000eeb00000)
  from space 37888K, 42% used [0x00000000f1100000,0x00000000f20b8f98,0x00000000f3600000)
  to   space 38400K, 0% used [0x00000000eeb00000,0x00000000eeb00000,0x00000000f1080000)
 ParOldGen       total 223232K, used 54364K [0x00000000a0000000, 0x00000000ada00000, 0x00000000e0000000)
  object space 223232K, 24% used [0x00000000a0000000,0x00000000a35171d8,0x00000000ada00000)
 Metaspace       used 102243K, capacity 106621K, committed 106752K, reserved 1142784K
  class space    used 13108K, capacity 13960K, committed 14080K, reserved 1048576K
GC Heap History (10 events):
Event: 3041.311 GC heap before
{Heap before GC invocations=32 (full 4):
 PSYoungGen      total 252928K, used 224621K [0x00000000e0000000, 0x00000000f3880000, 0x0000000100000000)
  eden space 210944K, 100% used [0x00000000e0000000,0x00000000ece00000,0x00000000ece00000)
  from space 41984K, 32% used [0x00000000ece00000,0x00000000edb5b5d8,0x00000000ef700000)
  to   space 40448K, 0% used [0x00000000f1100000,0x00000000f1100000,0x00000000f3880000)
 ParOldGen       total 223232K, used 54324K [0x00000000a0000000, 0x00000000ada00000, 0x00000000e0000000)
  object space 223232K, 24% used [0x00000000a0000000,0x00000000a350d1d8,0x00000000ada00000)
 Metaspace       used 99615K, capacity 103609K, committed 104320K, reserved 1140736K
  class space    used 12758K, capacity 13544K, committed 13696K, reserved 1048576K
Event: 3041.359 GC heap after
Heap after GC invocations=32 (full 4):
 PSYoungGen      total 278528K, used 14042K [0x00000000e0000000, 0x00000000f3600000, 0x0000000100000000)
  eden space 240640K, 0% used [0x00000000e0000000,0x00000000e0000000,0x00000000eeb00000)
  from space 37888K, 37% used [0x00000000f1100000,0x00000000f1eb6ab0,0x00000000f3600000)
  to   space 38400K, 0% used [0x00000000eeb00000,0x00000000eeb00000,0x00000000f1080000)
 ParOldGen       total 223232K, used 54332K [0x00000000a0000000, 0x00000000ada00000, 0x00000000e0000000)
  object space 223232K, 24% used [0x00000000a0000000,0x00000000a350f1d8,0x00000000ada00000)
 Metaspace       used 99615K, capacity 103609K, committed 104320K, reserved 1140736K
  class space    used 12758K, capacity 13544K, committed 13696K, reserved 1048576K
}
Event: 3043.583 GC heap before
{Heap before GC invocations=33 (full 4):
 PSYoungGen      total 278528K, used 254682K [0x00000000e0000000, 0x00000000f3600000, 0x0000000100000000)
  eden space 240640K, 100% used [0x00000000e0000000,0x00000000eeb00000,0x00000000eeb00000)
  from space 37888K, 37% used [0x00000000f1100000,0x00000000f1eb6ab0,0x00000000f3600000)
  to   space 38400K, 0% used [0x00000000eeb00000,0x00000000eeb00000,0x00000000f1080000)
 ParOldGen       total 223232K, used 54332K [0x00000000a0000000, 0x00000000ada00000, 0x00000000e0000000)
  object space 223232K, 24% used [0x00000000a0000000,0x00000000a350f1d8,0x00000000ada00000)
 Metaspace       used 99754K, capacity 103747K, committed 104320K, reserved 1140736K
  class space    used 12767K, capacity 13545K, committed 13696K, reserved 1048576K
Event: 3043.636 GC heap after
Heap after GC invocations=33 (full 4):
 PSYoungGen      total 279040K, used 18725K [0x00000000e0000000, 0x00000000f3600000, 0x0000000100000000)
  eden space 240640K, 0% used [0x00000000e0000000,0x00000000e0000000,0x00000000eeb00000)
  from space 38400K, 48% used [0x00000000eeb00000,0x00000000efd49770,0x00000000f1080000)
  to   space 37888K, 0% used [0x00000000f1100000,0x00000000f1100000,0x00000000f3600000)
 ParOldGen       total 223232K, used 54340K [0x00000000a0000000, 0x00000000ada00000, 0x00000000e0000000)
  object space 223232K, 24% used [0x00000000a0000000,0x00000000a35111d8,0x00000000ada00000)
 Metaspace       used 99754K, capacity 103747K, committed 104320K, reserved 1140736K
  class space    used 12767K, capacity 13545K, committed 13696K, reserved 1048576K
}
Event: 3046.312 GC heap before
{Heap before GC invocations=34 (full 4):
 PSYoungGen      total 279040K, used 259355K [0x00000000e0000000, 0x00000000f3600000, 0x0000000100000000)
  eden space 240640K, 99% used [0x00000000e0000000,0x00000000eeafd5d0,0x00000000eeb00000)
  from space 38400K, 48% used [0x00000000eeb00000,0x00000000efd49770,0x00000000f1080000)
  to   space 37888K, 0% used [0x00000000f1100000,0x00000000f1100000,0x00000000f3600000)
 ParOldGen       total 223232K, used 54340K [0x00000000a0000000, 0x00000000ada00000, 0x00000000e0000000)
  object space 223232K, 24% used [0x00000000a0000000,0x00000000a35111d8,0x00000000ada00000)
 Metaspace       used 100080K, capacity 104057K, committed 104576K, reserved 1140736K
  class space    used 12800K, capacity 13592K, committed 13696K, reserved 1048576K
Event: 3046.340 GC heap after
Heap after GC invocations=34 (full 4):
 PSYoungGen      total 278528K, used 13236K [0x00000000e0000000, 0x00000000f3600000, 0x0000000100000000)
  eden space 240640K, 0% used [0x00000000e0000000,0x00000000e0000000,0x00000000eeb00000)
  from space 37888K, 34% used [0x00000000f1100000,0x00000000f1ded0d0,0x00000000f3600000)
  to   space 38400K, 0% used [0x00000000eeb00000,0x00000000eeb00000,0x00000000f1080000)
 ParOldGen       total 223232K, used 54348K [0x00000000a0000000, 0x00000000ada00000, 0x00000000e0000000)
  object space 223232K, 24% used [0x00000000a0000000,0x00000000a35131d8,0x00000000ada00000)
 Metaspace       used 100080K, capacity 104057K, committed 104576K, reserved 1140736K
  class space    used 12800K, capacity 13592K, committed 13696K, reserved 1048576K
}
Event: 3049.552 GC heap before
{Heap before GC invocations=35 (full 4):
 PSYoungGen      total 278528K, used 253876K [0x00000000e0000000, 0x00000000f3600000, 0x0000000100000000)
  eden space 240640K, 100% used [0x00000000e0000000,0x00000000eeb00000,0x00000000eeb00000)
  from space 37888K, 34% used [0x00000000f1100000,0x00000000f1ded0d0,0x00000000f3600000)
  to   space 38400K, 0% used [0x00000000eeb00000,0x00000000eeb00000,0x00000000f1080000)
 ParOldGen       total 223232K, used 54348K [0x00000000a0000000, 0x00000000ada00000, 0x00000000e0000000)
  object space 223232K, 24% used [0x00000000a0000000,0x00000000a35131d8,0x00000000ada00000)
 Metaspace       used 100562K, capacity 104769K, committed 105216K, reserved 1140736K
  class space    used 12862K, capacity 13686K, committed 13824K, reserved 1048576K
Event: 3049.580 GC heap after
Heap after GC invocations=35 (full 4):
 PSYoungGen      total 279040K, used 11321K [0x00000000e0000000, 0x00000000f3600000, 0x0000000100000000)
  eden space 240640K, 0% used [0x00000000e0000000,0x00000000e0000000,0x00000000eeb00000)
  from space 38400K, 29% used [0x00000000eeb00000,0x00000000ef60e598,0x00000000f1080000)
  to   space 37888K, 0% used [0x00000000f1100000,0x00000000f1100000,0x00000000f3600000)
 ParOldGen       total 223232K, used 54356K [0x00000000a0000000, 0x00000000ada00000, 0x00000000e0000000)
  object space 223232K, 24% used [0x00000000a0000000,0x00000000a35151d8,0x00000000ada00000)
 Metaspace       used 100562K, capacity 104769K, committed 105216K, reserved 1140736K
  class space    used 12862K, capacity 13686K, committed 13824K, reserved 1048576K
}
Event: 3052.908 GC heap before
{Heap before GC invocations=36 (full 4):
 PSYoungGen      total 279040K, used 251961K [0x00000000e0000000, 0x00000000f3600000, 0x0000000100000000)
  eden space 240640K, 100% used [0x00000000e0000000,0x00000000eeb00000,0x00000000eeb00000)
  from space 38400K, 29% used [0x00000000eeb00000,0x00000000ef60e598,0x00000000f1080000)
  to   space 37888K, 0% used [0x00000000f1100000,0x00000000f1100000,0x00000000f3600000)
 ParOldGen       total 223232K, used 54356K [0x00000000a0000000, 0x00000000ada00000, 0x00000000e0000000)
  object space 223232K, 24% used [0x00000000a0000000,0x00000000a35151d8,0x00000000ada00000)
 Metaspace       used 100759K, capacity 104985K, committed 105472K, reserved 1140736K
  class space    used 12873K, capacity 13688K, committed 13824K, reserved 1048576K
Event: 3052.969 GC heap after
Heap after GC invocations=36 (full 4):
 PSYoungGen      total 278528K, used 16099K [0x00000000e0000000, 0x00000000f3600000, 0x0000000100000000)
  eden space 240640K, 0% used [0x00000000e0000000,0x00000000e0000000,0x00000000eeb00000)
  from space 37888K, 42% used [0x00000000f1100000,0x00000000f20b8f98,0x00000000f3600000)
  to   space 38400K, 0% used [0x00000000eeb00000,0x00000000eeb00000,0x00000000f1080000)
 ParOldGen       total 223232K, used 54364K [0x00000000a0000000, 0x00000000ada00000, 0x00000000e0000000)
  object space 223232K, 24% used [0x00000000a0000000,0x00000000a35171d8,0x00000000ada00000)
 Metaspace       used 100759K, capacity 104985K, committed 105472K, reserved 1140736K
  class space    used 12873K, capacity 13688K, committed 13824K, reserved 1048576K
}

